08:09:18.107 FINE | Run command: java -Xmx1024m -classpath \java_workspace\school\CourseIntelligentAgents\logist\logist.jar logist.LogistPlatform -o tournament\marginalVsMain\auction-auction-main-auction-marginal.xml -a tournament\marginalVsMain\agents.xml config\auction.xml auction-main auction-marginal
08:09:18.203 CONFIG | Reading config\auction.xml
08:09:18.255 CONFIG | Reading config\settings_auction.xml
08:09:18.306 CONFIG | Reading config\topology\england.xml
08:09:18.316 CONFIG | Reading tournament\marginalVsMain\agents.xml
08:09:18.334 CONFIG | Reading config\settings_auction.xml
08:09:27.936 CONFIG | Initial cost = 32669.0
08:09:27.936 CONFIG | The plan was generated in 9597 milliseconds.
08:09:27.936 CONFIG | The best plan has a cost of: 11478.5! and is:
08:09:27.937 CONFIG | [1, 115, 118, 46, 46, 46, 50, 39, 236, 55, 176, 171, 160, 72, 193, 46, 239, 167, 167, 27, 167, 24, 145, 167, 148, 57, 122, 13, 134, 178]
08:09:27.937 CONFIG | []
08:09:37.535 CONFIG | Initial cost = 66950.0
08:09:37.536 CONFIG | The plan was generated in 9599 milliseconds.
08:09:37.536 CONFIG | The best plan has a cost of: 13862.0! and is:
08:09:37.536 CONFIG | [1, 118, 120, 241, 115, 76, 76, 72, 197, 197, 84, 205, 84, 205, 81, 78, 46, 46, 108, 229, 103, 239, 88, 25, 167, 146, 39, 224, 202, 46, 46, 50, 236, 57, 55, 209, 176, 67, 160, 193, 72, 193, 171, 167, 24, 145, 178, 167, 27, 167, 188, 13, 122, 20, 199, 134, 104, 141, 148, 225]
08:09:37.536 CONFIG | []
08:09:47.145 CONFIG | Initial cost = 96704.0
08:09:47.146 CONFIG | The plan was generated in 9609 milliseconds.
08:09:47.146 CONFIG | The best plan has a cost of: 21532.0! and is:
08:09:47.146 CONFIG | [1, 118, 115, 120, 241, 111, 46, 50, 52, 108, 229, 103, 104, 239, 88, 91, 173, 224, 236, 57, 55, 225, 212, 39, 39, 37, 158, 46, 209, 176, 76, 76, 160, 67, 160, 171, 72, 193, 72, 193, 197, 197, 46, 46, 45, 34, 167, 27, 167, 167, 167, 178, 25, 24, 145, 146, 24, 145, 155, 188, 166, 13, 20, 232, 122, 134, 84, 205, 78, 84, 205, 78, 79, 81, 82, 202, 200, 199, 199, 88, 109, 141, 24, 209, 230, 145, 16, 148, 203, 137]
08:09:47.146 CONFIG | []
08:09:47.146 CONFIG | Low bid is: 1041
08:09:47.148 CONFIG | Reading config\settings_auction.xml
08:09:51.918 CONFIG | Initial cost = 2751.0
08:09:51.918 CONFIG | The plan was generated in 4748 milliseconds.
08:09:51.918 CONFIG | The best plan has a cost of: 2191.0! and is:
08:09:51.918 CONFIG | []
08:09:51.918 CONFIG | [0, 1]
08:09:56.666 CONFIG | Initial cost = 2191.0
08:09:56.666 CONFIG | The plan was generated in 4748 milliseconds.
08:09:56.666 CONFIG | The best plan has a cost of: 2191.0! and is:
08:09:56.666 CONFIG | [0, 1]
08:09:56.666 CONFIG | []
08:10:06.262 CONFIG | Initial cost = 3415.0
08:10:06.262 CONFIG | The plan was generated in 9596 milliseconds.
08:10:06.262 CONFIG | The best plan has a cost of: 2766.0! and is:
08:10:06.262 CONFIG | []
08:10:06.262 CONFIG | [0, 1]
08:10:06.263 CONFIG | Last winner was agent 0 with a bid of 1042
08:10:06.263 CONFIG | Won the task
08:10:06.263 CONFIG | 
08:10:11.011 CONFIG | Initial cost = 5133.0
08:10:11.011 CONFIG | The plan was generated in 4748 milliseconds.
08:10:11.011 CONFIG | The best plan has a cost of: 4573.0! and is:
08:10:11.011 CONFIG | []
08:10:11.011 CONFIG | [0, 2, 1, 3]
08:10:15.759 CONFIG | Initial cost = 2704.0
08:10:15.759 CONFIG | The plan was generated in 4748 milliseconds.
08:10:15.759 CONFIG | The best plan has a cost of: 2704.0! and is:
08:10:15.759 CONFIG | [1, 3]
08:10:15.759 CONFIG | []
08:10:15.759 CONFIG | Last winner was agent 0 with a bid of 1042
08:10:25.355 CONFIG | Initial cost = 3928.0
08:10:25.355 CONFIG | The plan was generated in 9596 milliseconds.
08:10:25.355 CONFIG | The best plan has a cost of: 3279.0! and is:
08:10:25.355 CONFIG | []
08:10:25.355 CONFIG | [1, 3]
08:10:25.355 CONFIG | Last winner was agent 0 with a bid of 1045
08:10:25.355 CONFIG | Won the task
08:10:25.355 CONFIG | 
08:10:30.103 CONFIG | Initial cost = 7922.5
08:10:30.103 CONFIG | The plan was generated in 4748 milliseconds.
08:10:30.103 CONFIG | The best plan has a cost of: 4573.0! and is:
08:10:30.103 CONFIG | []
08:10:30.114 CONFIG | [0, 2, 1, 5, 3, 4]
08:10:34.851 CONFIG | Initial cost = 2214.5
08:10:34.851 CONFIG | The plan was generated in 4748 milliseconds.
08:10:34.851 CONFIG | The best plan has a cost of: 2214.5! and is:
08:10:34.851 CONFIG | [2, 5]
08:10:34.851 CONFIG | []
08:10:34.851 CONFIG | Last winner was agent 0 with a bid of 1045
08:10:44.447 CONFIG | Initial cost = 3438.5
08:10:44.447 CONFIG | The plan was generated in 9596 milliseconds.
08:10:44.447 CONFIG | The best plan has a cost of: 2789.5! and is:
08:10:44.447 CONFIG | []
08:10:44.447 CONFIG | [2, 5]
08:10:44.447 CONFIG | Last winner was agent 0 with a bid of 1046
08:10:44.447 CONFIG | Won the task
08:10:44.447 CONFIG | 
08:10:49.196 CONFIG | Initial cost = 10080.0
08:10:49.196 CONFIG | The plan was generated in 4748 milliseconds.
08:10:49.196 CONFIG | The best plan has a cost of: 5881.0! and is:
08:10:49.196 CONFIG | [2, 0, 4, 3, 6, 1, 7, 5]
08:10:49.196 CONFIG | []
08:10:53.944 CONFIG | Initial cost = 2456.0
08:10:53.944 CONFIG | The plan was generated in 4748 milliseconds.
08:10:53.944 CONFIG | The best plan has a cost of: 2456.0! and is:
08:10:53.944 CONFIG | [3, 7]
08:10:53.944 CONFIG | []
08:10:53.944 CONFIG | Last winner was agent 0 with a bid of 1046
08:11:03.540 CONFIG | Initial cost = 3680.0
08:11:03.540 CONFIG | The plan was generated in 9596 milliseconds.
08:11:03.540 CONFIG | The best plan has a cost of: 3031.0! and is:
08:11:03.540 CONFIG | []
08:11:03.540 CONFIG | [3, 7]
08:11:03.540 CONFIG | Last winner was agent 0 with a bid of 1076
08:11:03.540 CONFIG | Won the task
08:11:03.540 CONFIG | 
08:11:08.288 CONFIG | Initial cost = 13505.0
08:11:08.288 CONFIG | The plan was generated in 4748 milliseconds.
08:11:08.288 CONFIG | The best plan has a cost of: 7337.5! and is:
08:11:08.288 CONFIG | [3, 4, 1, 8, 9, 6, 0, 2, 5, 7]
08:11:08.288 CONFIG | []
08:11:13.036 CONFIG | Initial cost = 3051.0
08:11:13.036 CONFIG | The plan was generated in 4748 milliseconds.
08:11:13.036 CONFIG | The best plan has a cost of: 3051.0! and is:
08:11:13.036 CONFIG | [4, 9]
08:11:13.036 CONFIG | []
08:11:13.036 CONFIG | Last winner was agent 0 with a bid of 1076
08:11:22.632 CONFIG | Initial cost = 4275.0
08:11:22.632 CONFIG | The plan was generated in 9596 milliseconds.
08:11:22.632 CONFIG | The best plan has a cost of: 3626.0! and is:
08:11:22.632 CONFIG | []
08:11:22.632 CONFIG | [4, 9]
08:11:22.632 CONFIG | Last winner was agent 0 with a bid of 1171
08:11:22.632 CONFIG | Won the task
08:11:22.632 CONFIG | 
08:11:27.380 CONFIG | Initial cost = 14080.0
08:11:27.380 CONFIG | The plan was generated in 4748 milliseconds.
08:11:27.380 CONFIG | The best plan has a cost of: 6429.0! and is:
08:11:27.380 CONFIG | [3, 2, 0, 6, 8, 1, 4, 10, 5, 7, 11, 9]
08:11:27.380 CONFIG | []
08:11:32.128 CONFIG | Initial cost = 1150.0
08:11:32.128 CONFIG | The plan was generated in 4748 milliseconds.
08:11:32.128 CONFIG | The best plan has a cost of: 1150.0! and is:
08:11:32.128 CONFIG | [5, 11]
08:11:32.128 CONFIG | []
08:11:32.128 CONFIG | Last winner was agent 0 with a bid of 1171
08:11:41.724 CONFIG | Initial cost = 2374.0
08:11:41.724 CONFIG | The plan was generated in 9596 milliseconds.
08:11:41.724 CONFIG | The best plan has a cost of: 575.0! and is:
08:11:41.724 CONFIG | []
08:11:41.724 CONFIG | [5, 11]
08:11:41.724 CONFIG | Last winner was agent 1 with a bid of 575
08:11:41.724 CONFIG | Lost the task
08:11:41.724 CONFIG | 
08:11:46.472 CONFIG | Initial cost = 16410.0
08:11:46.472 CONFIG | The plan was generated in 4748 milliseconds.
08:11:46.472 CONFIG | The best plan has a cost of: 5881.0! and is:
08:11:46.472 CONFIG | [3, 6, 0, 2, 1, 9, 4, 7, 13, 10, 8, 11]
08:11:46.472 CONFIG | []
08:11:51.220 CONFIG | Initial cost = 2330.0
08:11:51.220 CONFIG | The plan was generated in 4748 milliseconds.
08:11:51.220 CONFIG | The best plan has a cost of: 2330.0! and is:
08:11:51.220 CONFIG | [6, 13]
08:11:51.220 CONFIG | []
08:11:51.220 CONFIG | Last winner was agent 1 with a bid of 575
08:12:00.816 CONFIG | Initial cost = 4704.0
08:12:00.816 CONFIG | The plan was generated in 9596 milliseconds.
08:12:00.816 CONFIG | The best plan has a cost of: 2905.0! and is:
08:12:00.816 CONFIG | []
08:12:00.816 CONFIG | [5, 6, 13, 12]
08:12:00.816 CONFIG | Last winner was agent 0 with a bid of 1428
08:12:00.816 CONFIG | Won the task
08:12:00.816 CONFIG | 
08:12:05.564 CONFIG | Initial cost = 17474.5
08:12:05.564 CONFIG | The plan was generated in 4748 milliseconds.
08:12:05.564 CONFIG | The best plan has a cost of: 7337.5! and is:
08:12:05.564 CONFIG | [3, 4, 1, 6, 0, 2, 14, 11, 7, 9, 12, 8, 10, 15]
08:12:05.564 CONFIG | []
08:12:10.312 CONFIG | Initial cost = 1064.5
08:12:10.312 CONFIG | The plan was generated in 4748 milliseconds.
08:12:10.312 CONFIG | The best plan has a cost of: 1064.5! and is:
08:12:10.312 CONFIG | [7, 15]
08:12:10.312 CONFIG | []
08:12:10.312 CONFIG | Last winner was agent 0 with a bid of 1428
08:12:19.908 CONFIG | Initial cost = 3438.5
08:12:19.908 CONFIG | The plan was generated in 9596 milliseconds.
08:12:19.908 CONFIG | The best plan has a cost of: 1639.5! and is:
08:12:19.908 CONFIG | []
08:12:19.908 CONFIG | [5, 7, 13, 15]
08:12:19.908 CONFIG | Last winner was agent 1 with a bid of 1064
08:12:19.910 CONFIG | Lost the task
08:12:19.910 CONFIG | 
08:12:24.656 CONFIG | Initial cost = 19448.0
08:12:24.656 CONFIG | The plan was generated in 4748 milliseconds.
08:12:24.656 CONFIG | The best plan has a cost of: 8746.0! and is:
08:12:24.656 CONFIG | [3, 2, 6, 0, 9, 4, 1, 11, 15, 8, 12, 10, 13, 17]
08:12:24.656 CONFIG | []
08:12:29.404 CONFIG | Initial cost = 3038.0
08:12:29.404 CONFIG | The plan was generated in 4748 milliseconds.
08:12:29.404 CONFIG | The best plan has a cost of: 1814.0! and is:
08:12:29.404 CONFIG | []
08:12:29.404 CONFIG | [8, 17]
08:12:29.404 CONFIG | Last winner was agent 1 with a bid of 1064
08:12:39.000 CONFIG | Initial cost = 7541.0
08:12:39.000 CONFIG | The plan was generated in 9596 milliseconds.
08:12:39.000 CONFIG | The best plan has a cost of: 2863.5! and is:
08:12:39.000 CONFIG | [8, 7, 17, 16]
08:12:39.000 CONFIG | [5, 14]
08:12:39.000 CONFIG | Last winner was agent 1 with a bid of 1224
08:12:39.000 CONFIG | Lost the task
08:12:39.000 CONFIG | 
08:12:43.748 CONFIG | Initial cost = 17634.0
08:12:43.748 CONFIG | The plan was generated in 4748 milliseconds.
08:12:43.748 CONFIG | The best plan has a cost of: 6932.0! and is:
08:12:43.748 CONFIG | [3, 2, 6, 0, 10, 4, 12, 1, 16, 14, 11, 13, 9, 19]
08:12:43.748 CONFIG | []
08:12:48.496 CONFIG | Initial cost = 1224.0
08:12:48.496 CONFIG | The plan was generated in 4748 milliseconds.
08:12:48.496 CONFIG | The best plan has a cost of: 1224.0! and is:
08:12:48.496 CONFIG | [9, 19]
08:12:48.496 CONFIG | []
08:12:48.496 CONFIG | Last winner was agent 1 with a bid of 1224
08:12:58.092 CONFIG | Initial cost = 9355.0
08:12:58.092 CONFIG | The plan was generated in 9596 milliseconds.
08:12:58.092 CONFIG | The best plan has a cost of: 4562.0! and is:
08:12:58.092 CONFIG | [8, 7, 17, 18]
08:12:58.092 CONFIG | [5, 15, 9, 19]
08:12:58.092 CONFIG | Last winner was agent 1 with a bid of 1698
08:12:58.092 CONFIG | Lost the task
08:12:58.092 CONFIG | 
08:13:02.840 CONFIG | Initial cost = 17575.0
08:13:02.840 CONFIG | The plan was generated in 4748 milliseconds.
08:13:02.840 CONFIG | The best plan has a cost of: 6937.0! and is:
08:13:02.840 CONFIG | []
08:13:02.840 CONFIG | [10, 2, 21, 6, 0, 1, 13, 4, 3, 12, 15, 14, 17, 11]
08:13:07.588 CONFIG | Initial cost = 1165.0
08:13:07.588 CONFIG | The plan was generated in 4748 milliseconds.
08:13:07.588 CONFIG | The best plan has a cost of: 1165.0! and is:
08:13:07.588 CONFIG | [10, 21]
08:13:07.588 CONFIG | []
08:13:07.588 CONFIG | Last winner was agent 1 with a bid of 1698
08:13:17.184 CONFIG | Initial cost = 11744.0
08:13:17.184 CONFIG | The plan was generated in 9596 milliseconds.
08:13:17.184 CONFIG | The best plan has a cost of: 5137.0! and is:
08:13:17.184 CONFIG | [8, 7, 18, 19, 10, 21]
08:13:17.184 CONFIG | [5, 16, 9, 20]
08:13:17.184 CONFIG | Last winner was agent 1 with a bid of 575
08:13:17.184 CONFIG | Lost the task
08:13:17.184 CONFIG | 
08:13:21.932 CONFIG | Initial cost = 18199.0
08:13:21.932 CONFIG | The plan was generated in 4748 milliseconds.
08:13:21.932 CONFIG | The best plan has a cost of: 7844.0! and is:
08:13:21.932 CONFIG | [6, 2, 0, 3, 1, 14, 4, 18, 13, 16, 11, 15, 12, 23]
08:13:21.932 CONFIG | []
08:13:26.680 CONFIG | Initial cost = 1789.0
08:13:26.680 CONFIG | The plan was generated in 4748 milliseconds.
08:13:26.680 CONFIG | The best plan has a cost of: 1789.0! and is:
08:13:26.680 CONFIG | [11, 23]
08:13:26.680 CONFIG | []
08:13:26.680 CONFIG | Last winner was agent 1 with a bid of 575
08:13:36.276 CONFIG | Initial cost = 14698.0
08:13:36.276 CONFIG | The plan was generated in 9596 milliseconds.
08:13:36.276 CONFIG | The best plan has a cost of: 5856.0! and is:
08:13:36.276 CONFIG | []
08:13:36.276 CONFIG | [5, 17, 7, 9, 11, 21, 8, 10, 20, 23, 19, 22]
08:13:36.276 CONFIG | Last winner was agent 1 with a bid of 719
08:13:36.276 CONFIG | Lost the task
08:13:36.276 CONFIG | 
08:13:41.024 CONFIG | Initial cost = 18624.5
08:13:41.024 CONFIG | The plan was generated in 4748 milliseconds.
08:13:41.024 CONFIG | The best plan has a cost of: 6617.0! and is:
08:13:41.024 CONFIG | []
08:13:41.024 CONFIG | [4, 1, 6, 0, 2, 12, 3, 13, 15, 25, 19, 16, 17, 14]
08:13:45.772 CONFIG | Initial cost = 2214.5
08:13:45.772 CONFIG | The plan was generated in 4748 milliseconds.
08:13:45.772 CONFIG | The best plan has a cost of: 2214.5! and is:
08:13:45.772 CONFIG | [12, 25]
08:13:45.772 CONFIG | []
08:13:45.772 CONFIG | Last winner was agent 1 with a bid of 719
08:13:55.368 CONFIG | Initial cost = 16773.5
08:13:55.368 CONFIG | The plan was generated in 9596 milliseconds.
08:13:55.368 CONFIG | The best plan has a cost of: 5956.5! and is:
08:13:55.368 CONFIG | [8, 11, 7, 21, 10, 23, 12, 24, 20, 25]
08:13:55.368 CONFIG | [5, 18, 9, 22]
08:13:55.368 CONFIG | Last winner was agent 1 with a bid of 100
08:13:55.368 CONFIG | Lost the task
08:13:55.368 CONFIG | 
08:14:00.116 CONFIG | Initial cost = 19178.5
08:14:00.116 CONFIG | The plan was generated in 4748 milliseconds.
08:14:00.116 CONFIG | The best plan has a cost of: 5881.0! and is:
08:14:00.116 CONFIG | [13, 3, 6, 2, 0, 14, 4, 27, 16, 1, 20, 17, 15, 18]
08:14:00.116 CONFIG | []
08:14:04.864 CONFIG | Initial cost = 2768.5
08:14:04.864 CONFIG | The plan was generated in 4748 milliseconds.
08:14:04.864 CONFIG | The best plan has a cost of: 2768.5! and is:
08:14:04.864 CONFIG | [13, 27]
08:14:04.864 CONFIG | []
08:14:04.865 CONFIG | Last winner was agent 1 with a bid of 100
08:14:14.461 CONFIG | Initial cost = 18830.5
08:14:14.461 CONFIG | The plan was generated in 9596 milliseconds.
08:14:14.461 CONFIG | The best plan has a cost of: 6941.5! and is:
08:14:14.461 CONFIG | [8, 11, 7, 10, 22, 24, 12, 25, 13, 27, 21, 26]
08:14:14.461 CONFIG | [5, 19, 9, 23]
08:14:14.461 CONFIG | Last winner was agent 0 with a bid of 873
08:14:14.461 CONFIG | Won the task
08:14:14.461 CONFIG | 
08:14:19.209 CONFIG | Initial cost = 22229.0
08:14:19.209 CONFIG | The plan was generated in 4748 milliseconds.
08:14:19.209 CONFIG | The best plan has a cost of: 7694.0! and is:
08:14:19.209 CONFIG | [13, 3, 6, 0, 2, 1, 28, 17, 4, 15, 21, 16, 19, 14, 18, 29]
08:14:19.209 CONFIG | []
08:14:23.957 CONFIG | Initial cost = 1986.0
08:14:23.957 CONFIG | The plan was generated in 4748 milliseconds.
08:14:23.957 CONFIG | The best plan has a cost of: 1986.0! and is:
08:14:23.957 CONFIG | [14, 29]
08:14:23.957 CONFIG | []
08:14:23.957 CONFIG | Last winner was agent 0 with a bid of 873
08:14:33.553 CONFIG | Initial cost = 19824.0
08:14:33.553 CONFIG | The plan was generated in 9596 milliseconds.
08:14:33.553 CONFIG | The best plan has a cost of: 6432.5! and is:
08:14:33.553 CONFIG | [14, 11, 9, 24, 8, 7, 23, 10, 12, 25, 26, 29, 22, 27]
08:14:33.553 CONFIG | [5, 20]
08:14:33.553 CONFIG | Last winner was agent 1 with a bid of 476
08:14:33.553 CONFIG | Lost the task
08:14:33.553 CONFIG | 
08:14:38.301 CONFIG | Initial cost = 20490.0
08:14:38.301 CONFIG | The plan was generated in 4748 milliseconds.
08:14:38.301 CONFIG | The best plan has a cost of: 8600.0! and is:
08:14:38.301 CONFIG | [4, 1, 20, 17, 2, 6, 0, 3, 15, 16, 13, 31, 18, 29, 22, 19]
08:14:38.301 CONFIG | []
08:14:43.049 CONFIG | Initial cost = 1610.0
08:14:43.049 CONFIG | The plan was generated in 4748 milliseconds.
08:14:43.049 CONFIG | The best plan has a cost of: 1610.0! and is:
08:14:43.049 CONFIG | [15, 31]
08:14:43.049 CONFIG | []
08:14:43.049 CONFIG | Last winner was agent 1 with a bid of 476
08:14:52.645 CONFIG | Initial cost = 20962.0
08:14:52.645 CONFIG | The plan was generated in 9596 milliseconds.
08:14:52.645 CONFIG | The best plan has a cost of: 5956.5! and is:
08:14:52.645 CONFIG | []
08:14:52.645 CONFIG | [5, 21, 7, 14, 11, 9, 8, 25, 24, 10, 26, 12, 15, 27, 30, 31, 23, 28]
08:14:52.645 CONFIG | Last winner was agent 1 with a bid of -476
08:14:52.645 CONFIG | Lost the task
08:14:52.645 CONFIG | 
08:14:57.393 CONFIG | Initial cost = 20833.0
08:14:57.393 CONFIG | The plan was generated in 4748 milliseconds.
08:14:57.393 CONFIG | The best plan has a cost of: 6471.0! and is:
08:14:57.393 CONFIG | [13, 3, 0, 6, 2, 30, 1, 19, 4, 17, 20, 23, 18, 21]
08:14:57.393 CONFIG | [16, 33]
08:15:02.141 CONFIG | Initial cost = 590.0
08:15:02.141 CONFIG | The plan was generated in 4748 milliseconds.
08:15:02.141 CONFIG | The best plan has a cost of: 590.0! and is:
08:15:02.141 CONFIG | [16, 33]
08:15:02.141 CONFIG | []
08:15:02.141 CONFIG | Last winner was agent 1 with a bid of -476
08:15:11.737 CONFIG | Initial cost = 22790.0
08:15:11.737 CONFIG | The plan was generated in 9596 milliseconds.
08:15:11.737 CONFIG | The best plan has a cost of: 6549.0! and is:
08:15:11.737 CONFIG | [8, 11, 14, 7, 16, 33, 25, 10, 27, 12, 24, 29, 31, 28, 15, 32]
08:15:11.737 CONFIG | [5, 22, 9, 26]
08:15:11.738 CONFIG | Last winner was agent 0 with a bid of 254
08:15:11.738 CONFIG | Won the task
08:15:11.738 CONFIG | 
08:15:16.486 CONFIG | Initial cost = 22746.0
08:15:16.486 CONFIG | The plan was generated in 4748 milliseconds.
08:15:16.486 CONFIG | The best plan has a cost of: 6471.0! and is:
08:15:16.486 CONFIG | [13, 3, 0, 6, 2, 31, 1, 20, 4, 18, 21, 17, 24, 35, 19, 22]
08:15:16.486 CONFIG | [16, 34]
08:15:21.234 CONFIG | Initial cost = 1323.0
08:15:21.234 CONFIG | The plan was generated in 4748 milliseconds.
08:15:21.234 CONFIG | The best plan has a cost of: 1323.0! and is:
08:15:21.234 CONFIG | [17, 35]
08:15:21.234 CONFIG | []
08:15:21.234 CONFIG | Last winner was agent 0 with a bid of 254
08:15:30.830 CONFIG | Initial cost = 23523.0
08:15:30.830 CONFIG | The plan was generated in 9596 milliseconds.
08:15:30.830 CONFIG | The best plan has a cost of: 7956.5! and is:
08:15:30.830 CONFIG | [17, 11, 9, 14, 27, 8, 5, 35, 23, 7, 10, 29, 15, 33, 32, 25, 26, 12, 28, 30]
08:15:30.830 CONFIG | []
08:15:30.830 CONFIG | Last winner was agent 0 with a bid of 27
08:15:30.830 CONFIG | Won the task
08:15:30.830 CONFIG | 
08:15:35.578 CONFIG | Initial cost = 26344.0
08:15:35.578 CONFIG | The plan was generated in 4748 milliseconds.
08:15:35.578 CONFIG | The best plan has a cost of: 9527.0! and is:
08:15:35.578 CONFIG | [13, 0, 6, 2, 25, 16, 1, 4, 19, 3, 32, 21, 35, 18, 22, 17, 23, 37, 20, 36]
08:15:35.578 CONFIG | []
08:15:40.326 CONFIG | Initial cost = 3023.0
08:15:40.326 CONFIG | The plan was generated in 4748 milliseconds.
08:15:40.326 CONFIG | The best plan has a cost of: 1799.0! and is:
08:15:40.326 CONFIG | []
08:15:40.326 CONFIG | [18, 37]
08:15:40.326 CONFIG | Last winner was agent 0 with a bid of 27
08:15:49.922 CONFIG | Initial cost = 25223.0
08:15:49.922 CONFIG | The plan was generated in 9596 milliseconds.
08:15:49.922 CONFIG | The best plan has a cost of: 8315.0! and is:
08:15:49.922 CONFIG | [18, 8, 9, 14, 11, 7, 10, 27, 29, 12, 15, 34, 26, 31, 33, 30, 37, 5, 24, 28]
08:15:49.922 CONFIG | []
08:15:49.922 CONFIG | Last winner was agent 0 with a bid of 2044
08:15:49.922 CONFIG | Won the task
08:15:49.922 CONFIG | 
08:15:54.670 CONFIG | Initial cost = 29316.5
08:15:54.671 CONFIG | The plan was generated in 4748 milliseconds.
08:15:54.671 CONFIG | The best plan has a cost of: 8171.0! and is:
08:15:54.671 CONFIG | [13, 3, 0, 6, 2, 19, 20, 39, 4, 1, 33, 22, 26, 17, 23, 18, 24, 21, 37, 38]
08:15:54.671 CONFIG | [16, 36]
08:15:59.418 CONFIG | Initial cost = 2397.5
08:15:59.418 CONFIG | The plan was generated in 4748 milliseconds.
08:15:59.418 CONFIG | The best plan has a cost of: 2397.5! and is:
08:15:59.418 CONFIG | [19, 39]
08:15:59.418 CONFIG | []
08:15:59.418 CONFIG | Last winner was agent 0 with a bid of 2044
08:16:09.014 CONFIG | Initial cost = 23417.5
08:16:09.014 CONFIG | The plan was generated in 9596 milliseconds.
08:16:09.014 CONFIG | The best plan has a cost of: 6549.0! and is:
08:16:09.014 CONFIG | [8, 11, 14, 7, 10, 28, 19, 30, 12, 27, 32, 34, 39, 31, 15, 35]
08:16:09.014 CONFIG | [5, 25, 9, 29]
08:16:17.835 CONFIG | Last winner was agent 1 with a bid of 592
08:16:17.835 CONFIG | Lost the task
08:16:17.835 CONFIG | 
08:16:17.835 CONFIG | 
08:16:17.835 CONFIG | 
08:16:17.835 CONFIG | 
08:16:17.835 CONFIG | 
08:16:17.835 CONFIG | The income for this auction was: 10006
08:16:27.431 CONFIG | Initial cost = 26344.0
08:16:27.431 CONFIG | The plan was generated in 9596 milliseconds.
08:16:27.431 CONFIG | The best plan has a cost of: 9108.0! and is:
08:16:27.431 CONFIG | [13, 3, 0, 6, 2, 26, 16, 17, 18, 23, 36, 20, 33, 4, 1, 22, 37, 38, 24, 21]
08:16:27.431 CONFIG | []
08:16:27.433 CONFIG | Last winner was agent 1 with a bid of 592
08:16:27.433 CONFIG | 
08:16:27.433 CONFIG | 
08:16:27.433 CONFIG | 
08:16:27.433 CONFIG | 
08:16:27.433 CONFIG | The income for this auction was: 6547
08:16:37.029 CONFIG | Initial cost = 23417.5
08:16:37.029 CONFIG | The plan was generated in 9596 milliseconds.
08:16:37.029 CONFIG | The best plan has a cost of: 6432.5! and is:
08:16:37.029 CONFIG | [14, 9, 29, 8, 11, 7, 10, 28, 30, 12, 19, 15, 31, 39, 34, 35, 27, 32]
08:16:37.029 CONFIG | [5, 25]
08:17:09.371 CONFIG | Wrote tournament\marginalVsMain\auction-auction-main-auction-marginal.xml
08:17:09.564 INFO | LogistPlatform finished successfully!
08:17:09.582 FINE | Run command: java -Xmx1024m -classpath \java_workspace\school\CourseIntelligentAgents\logist\logist.jar logist.LogistPlatform -o tournament\marginalVsMain\auction-auction-marginal-auction-main.xml -a tournament\marginalVsMain\agents.xml config\auction.xml auction-marginal auction-main
08:17:09.759 CONFIG | Reading config\auction.xml
08:17:09.813 CONFIG | Reading config\settings_auction.xml
08:17:09.866 CONFIG | Reading config\topology\england.xml
08:17:09.876 CONFIG | Reading tournament\marginalVsMain\agents.xml
08:17:09.893 CONFIG | Reading config\settings_auction.xml
08:17:09.898 CONFIG | Reading config\settings_auction.xml
08:17:19.502 CONFIG | Initial cost = 34561.0
08:17:19.502 CONFIG | The plan was generated in 9596 milliseconds.
08:17:19.502 CONFIG | The best plan has a cost of: 11411.0! and is:
08:17:19.502 CONFIG | [39, 54, 54, 8, 84, 205, 6, 115, 175, 175, 3, 124, 21, 129, 91, 91, 94, 142, 120, 241, 160, 127, 215, 66, 187, 236, 58, 212, 212, 179]
08:17:19.502 CONFIG | []
08:17:29.098 CONFIG | Initial cost = 66526.0
08:17:29.098 CONFIG | The plan was generated in 9596 milliseconds.
08:17:29.098 CONFIG | The best plan has a cost of: 13425.0! and is:
08:17:29.098 CONFIG | [33, 53, 54, 54, 54, 3, 6, 3, 8, 154, 115, 117, 175, 175, 175, 119, 120, 241, 124, 124, 11, 13, 21, 20, 134, 236, 56, 58, 174, 240, 141, 129, 91, 89, 91, 94, 212, 39, 179, 212, 51, 132, 238, 81, 84, 205, 172, 77, 198, 142, 127, 68, 66, 160, 215, 187, 202, 189, 177, 210]
08:17:29.098 CONFIG | []
08:17:38.756 CONFIG | Initial cost = 92595.5
08:17:38.756 CONFIG | The plan was generated in 9658 milliseconds.
08:17:38.756 CONFIG | The best plan has a cost of: 25274.0! and is:
08:17:38.756 CONFIG | [33, 53, 51, 51, 54, 49, 54, 154, 8, 9, 6, 120, 241, 119, 175, 175, 127, 76, 75, 66, 197, 4, 187, 3, 125, 46, 124, 30, 167, 151, 89, 89, 129, 174, 240, 130, 196, 91, 89, 91, 31, 39, 212, 212, 54, 172, 77, 84, 205, 172, 77, 79, 198, 198, 117, 175, 115, 56, 170, 58, 236, 179, 200, 94, 152, 3, 68, 160, 215, 124, 189, 177, 13, 21, 13, 210, 210, 210, 20, 134, 134, 141, 11, 142, 132, 238, 81, 202, 14, 135]
08:17:38.756 CONFIG | []
08:17:38.756 CONFIG | Low bid is: 1113
08:17:48.375 CONFIG | Initial cost = 2751.0
08:17:48.375 CONFIG | The plan was generated in 9596 milliseconds.
08:17:48.375 CONFIG | The best plan has a cost of: 2191.0! and is:
08:17:48.375 CONFIG | []
08:17:48.375 CONFIG | [0, 1]
08:17:53.123 CONFIG | Initial cost = 3415.0
08:17:53.123 CONFIG | The plan was generated in 4748 milliseconds.
08:17:53.123 CONFIG | The best plan has a cost of: 2766.0! and is:
08:17:53.123 CONFIG | []
08:17:53.123 CONFIG | [0, 1]
08:17:57.871 CONFIG | Initial cost = 2052.0
08:17:57.871 CONFIG | The plan was generated in 4748 milliseconds.
08:17:57.871 CONFIG | The best plan has a cost of: 2052.0! and is:
08:17:57.871 CONFIG | [0, 1]
08:17:57.871 CONFIG | []
08:17:57.871 CONFIG | Last winner was agent 1 with a bid of 1114
08:18:07.467 CONFIG | Initial cost = 2668.0
08:18:07.467 CONFIG | The plan was generated in 9596 milliseconds.
08:18:07.467 CONFIG | The best plan has a cost of: 2668.0! and is:
08:18:07.467 CONFIG | [1, 3]
08:18:07.467 CONFIG | []
08:18:07.467 CONFIG | Last winner was agent 1 with a bid of 1114
08:18:07.467 CONFIG | Won the task
08:18:07.467 CONFIG | 
08:18:12.215 CONFIG | Initial cost = 5797.0
08:18:12.215 CONFIG | The plan was generated in 4748 milliseconds.
08:18:12.215 CONFIG | The best plan has a cost of: 5148.0! and is:
08:18:12.215 CONFIG | []
08:18:12.215 CONFIG | [0, 2, 1, 3]
08:18:16.963 CONFIG | Initial cost = 2382.0
08:18:16.963 CONFIG | The plan was generated in 4748 milliseconds.
08:18:16.963 CONFIG | The best plan has a cost of: 2382.0! and is:
08:18:16.963 CONFIG | [1, 3]
08:18:16.963 CONFIG | []
08:18:16.963 CONFIG | Last winner was agent 1 with a bid of 1116
08:18:26.559 CONFIG | Initial cost = 2774.5
08:18:26.559 CONFIG | The plan was generated in 9596 milliseconds.
08:18:26.559 CONFIG | The best plan has a cost of: 2214.5! and is:
08:18:26.559 CONFIG | []
08:18:26.559 CONFIG | [2, 5]
08:18:26.559 CONFIG | Last winner was agent 1 with a bid of 1116
08:18:26.559 CONFIG | Won the task
08:18:26.559 CONFIG | 
08:18:31.307 CONFIG | Initial cost = 8586.5
08:18:31.307 CONFIG | The plan was generated in 4748 milliseconds.
08:18:31.307 CONFIG | The best plan has a cost of: 5148.0! and is:
08:18:31.307 CONFIG | []
08:18:31.307 CONFIG | [0, 2, 3, 1, 5, 4]
08:18:36.055 CONFIG | Initial cost = 2075.5
08:18:36.055 CONFIG | The plan was generated in 4748 milliseconds.
08:18:36.055 CONFIG | The best plan has a cost of: 2075.5! and is:
08:18:36.055 CONFIG | [2, 5]
08:18:36.055 CONFIG | []
08:18:36.055 CONFIG | Last winner was agent 1 with a bid of 1116
08:18:45.651 CONFIG | Initial cost = 2114.0
08:18:45.651 CONFIG | The plan was generated in 9596 milliseconds.
08:18:45.651 CONFIG | The best plan has a cost of: 2114.0! and is:
08:18:45.651 CONFIG | [3, 7]
08:18:45.651 CONFIG | []
08:18:45.651 CONFIG | Last winner was agent 1 with a bid of 1116
08:18:45.651 CONFIG | Won the task
08:18:45.651 CONFIG | 
08:18:50.399 CONFIG | Initial cost = 10744.0
08:18:50.399 CONFIG | The plan was generated in 4748 milliseconds.
08:18:50.399 CONFIG | The best plan has a cost of: 6545.0! and is:
08:18:50.399 CONFIG | [0, 2, 1, 6, 3, 4, 7, 5]
08:18:50.399 CONFIG | []
08:18:55.147 CONFIG | Initial cost = 1415.0
08:18:55.147 CONFIG | The plan was generated in 4748 milliseconds.
08:18:55.147 CONFIG | The best plan has a cost of: 1415.0! and is:
08:18:55.147 CONFIG | [3, 7]
08:18:55.147 CONFIG | []
08:18:55.147 CONFIG | Last winner was agent 1 with a bid of 1131
08:19:04.743 CONFIG | Initial cost = 2668.0
08:19:04.743 CONFIG | The plan was generated in 9596 milliseconds.
08:19:04.743 CONFIG | The best plan has a cost of: 2668.0! and is:
08:19:04.743 CONFIG | [4, 9]
08:19:04.743 CONFIG | []
08:19:04.743 CONFIG | Last winner was agent 1 with a bid of 1131
08:19:04.743 CONFIG | Won the task
08:19:04.743 CONFIG | 
08:19:09.491 CONFIG | Initial cost = 14169.0
08:19:09.491 CONFIG | The plan was generated in 4748 milliseconds.
08:19:09.491 CONFIG | The best plan has a cost of: 6545.0! and is:
08:19:09.491 CONFIG | [0, 2, 5, 3, 4, 7, 1, 8, 9, 6]
08:19:09.491 CONFIG | []
08:19:14.239 CONFIG | Initial cost = 2382.0
08:19:14.239 CONFIG | The plan was generated in 4748 milliseconds.
08:19:14.239 CONFIG | The best plan has a cost of: 2382.0! and is:
08:19:14.239 CONFIG | [4, 9]
08:19:14.239 CONFIG | []
08:19:14.239 CONFIG | Last winner was agent 1 with a bid of 1161
08:19:23.835 CONFIG | Initial cost = 2890.0
08:19:23.835 CONFIG | The plan was generated in 9596 milliseconds.
08:19:23.835 CONFIG | The best plan has a cost of: 1150.0! and is:
08:19:23.835 CONFIG | []
08:19:23.835 CONFIG | [5, 11]
08:19:23.835 CONFIG | Last winner was agent 1 with a bid of 1161
08:19:23.835 CONFIG | Won the task
08:19:23.835 CONFIG | 
08:19:28.583 CONFIG | Initial cost = 14744.0
08:19:28.583 CONFIG | The plan was generated in 4748 milliseconds.
08:19:28.583 CONFIG | The best plan has a cost of: 6863.0! and is:
08:19:28.583 CONFIG | []
08:19:28.583 CONFIG | [5, 0, 2, 1, 4, 3, 6, 8, 10, 7, 11, 9]
08:19:33.331 CONFIG | Initial cost = 2191.0
08:19:33.331 CONFIG | The plan was generated in 4748 milliseconds.
08:19:33.331 CONFIG | The best plan has a cost of: 2191.0! and is:
08:19:33.331 CONFIG | [5, 11]
08:19:33.331 CONFIG | []
08:19:33.331 CONFIG | Last winner was agent 0 with a bid of 1150
08:19:42.927 CONFIG | Initial cost = 5220.0
08:19:42.927 CONFIG | The plan was generated in 9596 milliseconds.
08:19:42.927 CONFIG | The best plan has a cost of: 3480.0! and is:
08:19:42.927 CONFIG | []
08:19:42.927 CONFIG | [5, 6, 12, 13]
08:19:42.927 CONFIG | Last winner was agent 0 with a bid of 1150
08:19:42.927 CONFIG | Lost the task
08:19:42.927 CONFIG | 
08:19:47.675 CONFIG | Initial cost = 17074.0
08:19:47.675 CONFIG | The plan was generated in 4748 milliseconds.
08:19:47.675 CONFIG | The best plan has a cost of: 6545.0! and is:
08:19:47.675 CONFIG | [2, 0, 6, 3, 7, 4, 9, 1, 13, 10, 11, 8]
08:19:47.675 CONFIG | []
08:19:52.423 CONFIG | Initial cost = 2191.0
08:19:52.423 CONFIG | The plan was generated in 4748 milliseconds.
08:19:52.423 CONFIG | The best plan has a cost of: 2191.0! and is:
08:19:52.423 CONFIG | [6, 13]
08:19:52.423 CONFIG | []
08:19:52.423 CONFIG | Last winner was agent 1 with a bid of 1141
08:20:02.019 CONFIG | Initial cost = 3954.5
08:20:02.019 CONFIG | The plan was generated in 9596 milliseconds.
08:20:02.019 CONFIG | The best plan has a cost of: 2214.5! and is:
08:20:02.019 CONFIG | []
08:20:02.019 CONFIG | [5, 13, 7, 15]
08:20:02.019 CONFIG | Last winner was agent 1 with a bid of 1141
08:20:02.019 CONFIG | Won the task
08:20:02.019 CONFIG | 
08:20:06.767 CONFIG | Initial cost = 18138.5
08:20:06.767 CONFIG | The plan was generated in 4748 milliseconds.
08:20:06.767 CONFIG | The best plan has a cost of: 7311.0! and is:
08:20:06.767 CONFIG | [7, 2, 6, 0, 1, 10, 15, 3, 8, 4, 14, 11, 9, 12]
08:20:06.767 CONFIG | []
08:20:11.515 CONFIG | Initial cost = 2105.5
08:20:11.515 CONFIG | The plan was generated in 4748 milliseconds.
08:20:11.515 CONFIG | The best plan has a cost of: 2105.5! and is:
08:20:11.515 CONFIG | [7, 15]
08:20:11.515 CONFIG | []
08:20:11.515 CONFIG | Last winner was agent 0 with a bid of 1064
08:20:21.111 CONFIG | Initial cost = 8057.0
08:20:21.111 CONFIG | The plan was generated in 9596 milliseconds.
08:20:21.111 CONFIG | The best plan has a cost of: 4662.5! and is:
08:20:21.111 CONFIG | []
08:20:21.111 CONFIG | [5, 14, 8, 7, 17, 16]
08:20:21.111 CONFIG | Last winner was agent 0 with a bid of 1064
08:20:21.111 CONFIG | Lost the task
08:20:21.111 CONFIG | 
08:20:25.859 CONFIG | Initial cost = 20112.0
08:20:25.859 CONFIG | The plan was generated in 4748 milliseconds.
08:20:25.859 CONFIG | The best plan has a cost of: 7494.0! and is:
08:20:25.859 CONFIG | [8, 17, 1, 6, 0, 2, 3, 9, 4, 11, 15, 12, 10, 13]
08:20:25.859 CONFIG | []
08:20:30.607 CONFIG | Initial cost = 4079.0
08:20:30.607 CONFIG | The plan was generated in 4748 milliseconds.
08:20:30.607 CONFIG | The best plan has a cost of: 1814.0! and is:
08:20:30.607 CONFIG | []
08:20:30.607 CONFIG | [8, 17]
08:20:30.607 CONFIG | Last winner was agent 1 with a bid of 1650
08:20:40.203 CONFIG | Initial cost = 6243.0
08:20:40.203 CONFIG | The plan was generated in 9596 milliseconds.
08:20:40.203 CONFIG | The best plan has a cost of: 4503.0! and is:
08:20:40.203 CONFIG | []
08:20:40.203 CONFIG | [7, 5, 15, 17, 9, 19]
08:20:40.203 CONFIG | Last winner was agent 1 with a bid of 1650
08:20:40.203 CONFIG | Won the task
08:20:40.203 CONFIG | 
08:20:44.951 CONFIG | Initial cost = 21926.0
08:20:44.951 CONFIG | The plan was generated in 4748 milliseconds.
08:20:44.951 CONFIG | The best plan has a cost of: 7943.0! and is:
08:20:44.951 CONFIG | [8, 9, 18, 2, 6, 0, 3, 10, 12, 1, 4, 16, 11, 14, 13, 19]
08:20:44.951 CONFIG | []
08:20:49.699 CONFIG | Initial cost = 2265.0
08:20:49.699 CONFIG | The plan was generated in 4748 milliseconds.
08:20:49.699 CONFIG | The best plan has a cost of: 1700.0! and is:
08:20:49.699 CONFIG | []
08:20:49.699 CONFIG | [9, 19]
08:20:49.699 CONFIG | Last winner was agent 1 with a bid of 1680
08:20:59.295 CONFIG | Initial cost = 5004.0
08:20:59.295 CONFIG | The plan was generated in 9596 milliseconds.
08:20:59.295 CONFIG | The best plan has a cost of: 3264.0! and is:
08:20:59.295 CONFIG | []
08:20:59.295 CONFIG | [5, 16, 7, 18, 10, 21]
08:20:59.295 CONFIG | Last winner was agent 1 with a bid of 1680
08:20:59.295 CONFIG | Won the task
08:20:59.295 CONFIG | 
08:21:04.043 CONFIG | Initial cost = 24315.0
08:21:04.044 CONFIG | The plan was generated in 4748 milliseconds.
08:21:04.044 CONFIG | The best plan has a cost of: 8761.0! and is:
08:21:04.044 CONFIG | []
08:21:04.044 CONFIG | [10, 21, 6, 2, 0, 3, 11, 4, 13, 1, 17, 9, 8, 20, 14, 15, 12, 19]
08:21:08.792 CONFIG | Initial cost = 1026.0
08:21:08.792 CONFIG | The plan was generated in 4748 milliseconds.
08:21:08.792 CONFIG | The best plan has a cost of: 1026.0! and is:
08:21:08.792 CONFIG | [10, 21]
08:21:08.792 CONFIG | []
08:21:08.792 CONFIG | Last winner was agent 0 with a bid of 1049
08:21:18.388 CONFIG | Initial cost = 7958.0
08:21:18.388 CONFIG | The plan was generated in 9596 milliseconds.
08:21:18.388 CONFIG | The best plan has a cost of: 4731.0! and is:
08:21:18.388 CONFIG | []
08:21:18.388 CONFIG | [5, 17, 7, 11, 10, 23, 19, 22]
08:21:18.388 CONFIG | Last winner was agent 0 with a bid of 1049
08:21:18.388 CONFIG | Lost the task
08:21:18.388 CONFIG | 
08:21:23.136 CONFIG | Initial cost = 24191.0
08:21:23.136 CONFIG | The plan was generated in 4748 milliseconds.
08:21:23.136 CONFIG | The best plan has a cost of: 7596.0! and is:
08:21:23.136 CONFIG | [8, 11, 20, 6, 2, 0, 3, 23, 12, 4, 14, 1, 18, 16, 13, 15, 9, 21]
08:21:23.136 CONFIG | []
08:21:27.884 CONFIG | Initial cost = 2830.0
08:21:27.884 CONFIG | The plan was generated in 4748 milliseconds.
08:21:27.884 CONFIG | The best plan has a cost of: 2265.0! and is:
08:21:27.884 CONFIG | []
08:21:27.884 CONFIG | [11, 23]
08:21:27.884 CONFIG | Last winner was agent 0 with a bid of 1467
08:21:37.480 CONFIG | Initial cost = 10033.5
08:21:37.480 CONFIG | The plan was generated in 9596 milliseconds.
08:21:37.480 CONFIG | The best plan has a cost of: 5963.5! and is:
08:21:37.480 CONFIG | []
08:21:37.480 CONFIG | [5, 18, 7, 11, 20, 10, 24, 12, 23, 25]
08:21:37.480 CONFIG | Last winner was agent 0 with a bid of 1467
08:21:37.480 CONFIG | Lost the task
08:21:37.480 CONFIG | 
08:21:42.228 CONFIG | Initial cost = 25364.5
08:21:42.228 CONFIG | The plan was generated in 4748 milliseconds.
08:21:42.228 CONFIG | The best plan has a cost of: 7943.0! and is:
08:21:42.228 CONFIG | [8, 21, 0, 6, 12, 2, 13, 3, 15, 4, 25, 1, 19, 17, 14, 16, 9, 22]
08:21:42.228 CONFIG | []
08:21:46.976 CONFIG | Initial cost = 2075.5
08:21:46.976 CONFIG | The plan was generated in 4748 milliseconds.
08:21:46.976 CONFIG | The best plan has a cost of: 2075.5! and is:
08:21:46.976 CONFIG | [12, 25]
08:21:46.976 CONFIG | []
08:21:46.976 CONFIG | Last winner was agent 0 with a bid of 1232
08:21:56.572 CONFIG | Initial cost = 12090.5
08:21:56.572 CONFIG | The plan was generated in 9596 milliseconds.
08:21:56.572 CONFIG | The best plan has a cost of: 5816.5! and is:
08:21:56.572 CONFIG | []
08:21:56.572 CONFIG | [5, 19, 11, 7, 10, 12, 24, 25, 13, 27, 21, 26]
08:21:56.572 CONFIG | Last winner was agent 0 with a bid of 1232
08:21:56.572 CONFIG | Lost the task
08:21:56.572 CONFIG | 
08:22:01.320 CONFIG | Initial cost = 25918.5
08:22:01.320 CONFIG | The plan was generated in 4748 milliseconds.
08:22:01.320 CONFIG | The best plan has a cost of: 9230.0! and is:
08:22:01.320 CONFIG | [9, 23, 8, 22, 6, 0, 2, 3, 14, 13, 4, 27, 16, 1, 20, 17, 15, 18]
08:22:01.320 CONFIG | []
08:22:06.068 CONFIG | Initial cost = 1727.5
08:22:06.068 CONFIG | The plan was generated in 4748 milliseconds.
08:22:06.068 CONFIG | The best plan has a cost of: 1727.5! and is:
08:22:06.068 CONFIG | [13, 27]
08:22:06.068 CONFIG | []
08:22:06.068 CONFIG | Last winner was agent 0 with a bid of -147
08:22:15.664 CONFIG | Initial cost = 15141.0
08:22:15.664 CONFIG | The plan was generated in 9596 milliseconds.
08:22:15.664 CONFIG | The best plan has a cost of: 6216.5! and is:
08:22:15.664 CONFIG | [13, 28]
08:22:15.664 CONFIG | [5, 20, 7, 14, 11, 26, 10, 12, 25, 22, 27, 29]
08:22:15.664 CONFIG | Last winner was agent 0 with a bid of -147
08:22:15.664 CONFIG | Lost the task
08:22:15.664 CONFIG | 
08:22:20.412 CONFIG | Initial cost = 24388.0
08:22:20.412 CONFIG | The plan was generated in 4748 milliseconds.
08:22:20.412 CONFIG | The best plan has a cost of: 10706.0! and is:
08:22:20.412 CONFIG | [9, 24, 8, 14, 1, 2, 6, 0, 3, 15, 4, 17, 29, 18, 21, 16, 19, 23]
08:22:20.412 CONFIG | []
08:22:25.160 CONFIG | Initial cost = 3027.0
08:22:25.160 CONFIG | The plan was generated in 4748 milliseconds.
08:22:25.160 CONFIG | The best plan has a cost of: 2462.0! and is:
08:22:25.160 CONFIG | []
08:22:25.160 CONFIG | [14, 29]
08:22:25.160 CONFIG | Last winner was agent 0 with a bid of 400
08:22:34.756 CONFIG | Initial cost = 16279.0
08:22:34.756 CONFIG | The plan was generated in 9596 milliseconds.
08:22:34.756 CONFIG | The best plan has a cost of: 6456.0! and is:
08:22:34.756 CONFIG | [13, 10, 26, 12, 28, 29]
08:22:34.756 CONFIG | [5, 21, 7, 14, 11, 15, 27, 31, 30, 23]
08:22:34.756 CONFIG | Last winner was agent 0 with a bid of 400
08:22:34.756 CONFIG | Lost the task
08:22:34.756 CONFIG | 
08:22:39.504 CONFIG | Initial cost = 24760.0
08:22:39.504 CONFIG | The plan was generated in 4748 milliseconds.
08:22:39.504 CONFIG | The best plan has a cost of: 8498.0! and is:
08:22:39.504 CONFIG | [8, 24, 15, 3, 0, 6, 2, 1, 18, 31, 4, 16, 22, 17, 20, 19, 9, 25]
08:22:39.504 CONFIG | []
08:22:44.252 CONFIG | Initial cost = 569.0
08:22:44.252 CONFIG | The plan was generated in 4748 milliseconds.
08:22:44.252 CONFIG | The best plan has a cost of: 569.0! and is:
08:22:44.252 CONFIG | [15, 31]
08:22:44.252 CONFIG | []
08:22:44.252 CONFIG | Last winner was agent 0 with a bid of 239
08:22:53.848 CONFIG | Initial cost = 18107.0
08:22:53.848 CONFIG | The plan was generated in 9596 milliseconds.
08:22:53.848 CONFIG | The best plan has a cost of: 6571.5! and is:
08:22:53.848 CONFIG | [13, 15, 10, 27, 12, 7, 5, 16, 22, 14, 11, 33, 28, 31, 32, 24, 29, 30]
08:22:53.848 CONFIG | []
08:22:53.848 CONFIG | Last winner was agent 0 with a bid of 239
08:22:53.848 CONFIG | Lost the task
08:22:53.848 CONFIG | 
08:22:58.596 CONFIG | Initial cost = 23740.0
08:22:58.596 CONFIG | The plan was generated in 4748 milliseconds.
08:22:58.596 CONFIG | The best plan has a cost of: 7596.0! and is:
08:22:58.596 CONFIG | [8, 9, 16, 25, 33, 2, 6, 0, 3, 17, 4, 19, 1, 23, 21, 18, 20, 26]
08:22:58.596 CONFIG | []
08:23:03.344 CONFIG | Initial cost = 1631.0
08:23:03.344 CONFIG | The plan was generated in 4748 milliseconds.
08:23:03.344 CONFIG | The best plan has a cost of: 1631.0! and is:
08:23:03.344 CONFIG | [16, 33]
08:23:03.344 CONFIG | []
08:23:03.344 CONFIG | Last winner was agent 0 with a bid of 115
08:23:12.940 CONFIG | Initial cost = 20020.0
08:23:12.940 CONFIG | The plan was generated in 9596 milliseconds.
08:23:12.940 CONFIG | The best plan has a cost of: 5816.5! and is:
08:23:12.940 CONFIG | []
08:23:12.940 CONFIG | [7, 16, 11, 14, 17, 5, 35, 23, 10, 34, 12, 28, 15, 29, 13, 33, 32, 31, 30, 25]
08:23:12.941 CONFIG | Last winner was agent 0 with a bid of 115
08:23:12.941 CONFIG | Lost the task
08:23:12.941 CONFIG | 
08:23:17.689 CONFIG | Initial cost = 23725.0
08:23:17.689 CONFIG | The plan was generated in 4748 milliseconds.
08:23:17.689 CONFIG | The best plan has a cost of: 7596.0! and is:
08:23:17.689 CONFIG | [8, 17, 9, 6, 2, 0, 26, 20, 1, 4, 18, 3, 24, 35, 19, 22, 21, 27]
08:23:17.689 CONFIG | []
08:23:22.437 CONFIG | Initial cost = 2364.0
08:23:22.437 CONFIG | The plan was generated in 4748 milliseconds.
08:23:22.437 CONFIG | The best plan has a cost of: 1799.0! and is:
08:23:22.437 CONFIG | []
08:23:22.437 CONFIG | [17, 35]
08:23:22.437 CONFIG | Last winner was agent 0 with a bid of -755
08:23:32.033 CONFIG | Initial cost = 23618.0
08:23:32.033 CONFIG | The plan was generated in 9596 milliseconds.
08:23:32.033 CONFIG | The best plan has a cost of: 9809.0! and is:
08:23:32.033 CONFIG | [13, 15, 32, 10, 12, 29, 16, 7, 11, 14, 35, 26, 31, 34, 33, 30]
08:23:32.033 CONFIG | [17, 18, 5, 36, 37, 24]
08:23:32.033 CONFIG | Last winner was agent 0 with a bid of -755
08:23:32.033 CONFIG | Lost the task
08:23:32.033 CONFIG | 
08:23:36.781 CONFIG | Initial cost = 23725.0
08:23:36.781 CONFIG | The plan was generated in 4748 milliseconds.
08:23:36.781 CONFIG | The best plan has a cost of: 8245.0! and is:
08:23:36.781 CONFIG | [8, 27, 6, 0, 2, 1, 21, 4, 19, 3, 25, 22, 9, 28, 18, 20, 23, 37]
08:23:36.781 CONFIG | []
08:23:41.529 CONFIG | Initial cost = 4064.0
08:23:41.529 CONFIG | The plan was generated in 4748 milliseconds.
08:23:41.529 CONFIG | The best plan has a cost of: 1799.0! and is:
08:23:41.529 CONFIG | []
08:23:41.529 CONFIG | [18, 37]
08:23:41.529 CONFIG | Last winner was agent 1 with a bid of 142
08:23:51.125 CONFIG | Initial cost = 22992.5
08:23:51.125 CONFIG | The plan was generated in 9596 milliseconds.
08:23:51.125 CONFIG | The best plan has a cost of: 6571.5! and is:
08:23:51.125 CONFIG | [13, 15, 10, 16, 7, 11, 17, 14, 5, 37, 25, 36, 30, 12, 19, 31, 39, 35, 34, 27, 32, 33]
08:23:51.125 CONFIG | []
08:23:51.125 CONFIG | Last winner was agent 1 with a bid of 142
08:23:51.125 CONFIG | Won the task
08:23:51.125 CONFIG | 
08:23:55.873 CONFIG | Initial cost = 26697.5
08:23:55.873 CONFIG | The plan was generated in 4748 milliseconds.
08:23:55.873 CONFIG | The best plan has a cost of: 8245.0! and is:
08:23:55.873 CONFIG | [9, 29, 8, 18, 28, 19, 2, 6, 0, 3, 20, 39, 4, 22, 1, 23, 26, 38, 24, 21]
08:23:55.873 CONFIG | []
08:24:00.621 CONFIG | Initial cost = 2258.5
08:24:00.621 CONFIG | The plan was generated in 4748 milliseconds.
08:24:00.621 CONFIG | The best plan has a cost of: 2258.5! and is:
08:24:00.621 CONFIG | [19, 39]
08:24:00.621 CONFIG | []
08:24:05.448 CONFIG | Last winner was agent 0 with a bid of 755
08:24:05.448 CONFIG | 
08:24:05.448 CONFIG | 
08:24:05.448 CONFIG | 
08:24:05.448 CONFIG | 
08:24:05.448 CONFIG | The income for this auction was: 6569
08:24:15.044 CONFIG | Initial cost = 22992.5
08:24:15.044 CONFIG | The plan was generated in 9596 milliseconds.
08:24:15.044 CONFIG | The best plan has a cost of: 6595.0! and is:
08:24:15.044 CONFIG | [13, 15, 10, 12, 30, 19, 16, 11, 14, 17, 5, 37, 25, 7, 36, 32, 33, 27, 35, 34, 39, 31]
08:24:15.044 CONFIG | []
08:24:15.046 CONFIG | Last winner was agent 0 with a bid of 755
08:24:15.046 CONFIG | Lost the task
08:24:15.046 CONFIG | 
08:24:15.046 CONFIG | 
08:24:15.046 CONFIG | 
08:24:15.046 CONFIG | 
08:24:15.046 CONFIG | 
08:24:15.046 CONFIG | The income for this auction was: 10251
08:24:24.642 CONFIG | Initial cost = 23725.0
08:24:24.642 CONFIG | The plan was generated in 9596 milliseconds.
08:24:24.642 CONFIG | The best plan has a cost of: 8245.0! and is:
08:24:24.642 CONFIG | [8, 9, 28, 6, 0, 2, 1, 22, 4, 3, 20, 26, 23, 29, 18, 24, 21, 38]
08:24:24.642 CONFIG | []
08:25:32.103 CONFIG | Wrote tournament\marginalVsMain\auction-auction-marginal-auction-main.xml
08:25:32.302 INFO | LogistPlatform finished successfully!
